  Source.cpp
c:\users\daniel\source\repos\templ\templ\source.cpp(43): warning C4018: '<=': signed/unsigned mismatch
c:\users\daniel\source\repos\templ\templ\source.cpp(68): warning C4244: 'argument': conversion from 'T' to 'T', possible loss of data
          with
          [
              T=unsigned int
          ]
          and
          [
              T=float
          ]
c:\users\daniel\source\repos\templ\templ\source.cpp(100): warning C4244: 'argument': conversion from 'time_t' to 'unsigned int', possible loss of data
c:\users\daniel\source\repos\templ\templ\source.cpp(169): warning C4244: 'initializing': conversion from 'double' to 'float', possible loss of data
c:\users\daniel\source\repos\templ\templ\source.cpp(183): warning C4244: 'argument': conversion from 'T' to 'T', possible loss of data
          with
          [
              T=unsigned int
          ]
          and
          [
              T=float
          ]
c:\users\daniel\source\repos\templ\templ\source.cpp(195): warning C4244: 'argument': conversion from 'T' to 'T', possible loss of data
          with
          [
              T=unsigned int
          ]
          and
          [
              T=float
          ]
c:\users\daniel\source\repos\templ\templ\source.cpp(232): warning C4244: '=': conversion from 'double' to 'float', possible loss of data
c:\users\daniel\source\repos\templ\templ\source.cpp(244): warning C4018: '<=': signed/unsigned mismatch
  Templ.vcxproj -> C:\Users\Daniel\source\repos\Templ\x64\Debug\Templ.exe
